<?xml version="1.0" encoding="UTF-8"?>
<coverage generated="1700487116431" clover="3.2.0">
  <project timestamp="1700487116431" name="All files">
    <metrics statements="98" coveredstatements="97" conditionals="5" coveredconditionals="5" methods="41" coveredmethods="40" elements="144" coveredelements="142" complexity="0" loc="98" ncloc="98" packages="7" files="7" classes="7"/>
    <package name="exercicio1">
      <metrics statements="14" coveredstatements="14" conditionals="0" coveredconditionals="0" methods="2" coveredmethods="2"/>
      <file name="exercicio1.ts" path="C:\Users\edjal\OneDrive\Desktop\Projects\ada\orientacao-objeto\typescript\src\exercicios\exercicio1\exercicio1.ts">
        <metrics statements="14" coveredstatements="14" conditionals="0" coveredconditionals="0" methods="2" coveredmethods="2"/>
        <line num="13" count="5" type="stmt"/>
        <line num="14" count="5" type="stmt"/>
        <line num="15" count="5" type="stmt"/>
        <line num="19" count="1" type="stmt"/>
        <line num="20" count="1" type="stmt"/>
        <line num="24" count="2" type="stmt"/>
        <line num="25" count="2" type="stmt"/>
        <line num="26" count="2" type="stmt"/>
        <line num="27" count="2" type="stmt"/>
        <line num="30" count="1" type="stmt"/>
        <line num="31" count="1" type="stmt"/>
        <line num="33" count="1" type="stmt"/>
        <line num="34" count="1" type="stmt"/>
        <line num="36" count="1" type="stmt"/>
      </file>
    </package>
    <package name="exercicio2">
      <metrics statements="14" coveredstatements="13" conditionals="0" coveredconditionals="0" methods="7" coveredmethods="6"/>
      <file name="exercicio2.ts" path="C:\Users\edjal\OneDrive\Desktop\Projects\ada\orientacao-objeto\typescript\src\exercicios\exercicio2\exercicio2.ts">
        <metrics statements="14" coveredstatements="13" conditionals="0" coveredconditionals="0" methods="7" coveredmethods="6"/>
        <line num="8" count="7" type="stmt"/>
        <line num="11" count="0" type="stmt"/>
        <line num="15" count="3" type="stmt"/>
        <line num="21" count="3" type="stmt"/>
        <line num="22" count="3" type="stmt"/>
        <line num="26" count="2" type="stmt"/>
        <line num="31" count="3" type="stmt"/>
        <line num="32" count="3" type="stmt"/>
        <line num="36" count="2" type="stmt"/>
        <line num="40" count="1" type="stmt"/>
        <line num="41" count="1" type="stmt"/>
        <line num="43" count="1" type="stmt"/>
        <line num="44" count="1" type="stmt"/>
        <line num="46" count="1" type="stmt"/>
      </file>
    </package>
    <package name="exercicio3">
      <metrics statements="23" coveredstatements="23" conditionals="3" coveredconditionals="3" methods="10" coveredmethods="10"/>
      <file name="exercicio3.ts" path="C:\Users\edjal\OneDrive\Desktop\Projects\ada\orientacao-objeto\typescript\src\exercicios\exercicio3\exercicio3.ts">
        <metrics statements="23" coveredstatements="23" conditionals="3" coveredconditionals="3" methods="10" coveredmethods="10"/>
        <line num="16" count="7" type="stmt"/>
        <line num="17" count="7" type="stmt"/>
        <line num="18" count="7" type="stmt"/>
        <line num="19" count="7" type="stmt"/>
        <line num="23" count="2" type="stmt"/>
        <line num="27" count="2" type="stmt"/>
        <line num="31" count="2" type="stmt"/>
        <line num="35" count="3" type="cond" truecount="1" falsecount="0"/>
        <line num="36" count="1" type="stmt"/>
        <line num="38" count="2" type="stmt"/>
        <line num="43" count="4" type="cond" truecount="2" falsecount="0"/>
        <line num="47" count="1" type="stmt"/>
        <line num="49" count="1" type="stmt"/>
        <line num="50" count="1" type="stmt"/>
        <line num="51" count="1" type="stmt"/>
        <line num="52" count="1" type="stmt"/>
        <line num="54" count="1" type="stmt"/>
        <line num="55" count="1" type="stmt"/>
        <line num="56" count="1" type="stmt"/>
        <line num="57" count="1" type="stmt"/>
        <line num="59" count="1" type="stmt"/>
        <line num="60" count="1" type="stmt"/>
        <line num="62" count="1" type="stmt"/>
      </file>
    </package>
    <package name="exercicio4">
      <metrics statements="13" coveredstatements="13" conditionals="0" coveredconditionals="0" methods="6" coveredmethods="6"/>
      <file name="exercicio4.ts" path="C:\Users\edjal\OneDrive\Desktop\Projects\ada\orientacao-objeto\typescript\src\exercicios\exercicio4\exercicio4.ts">
        <metrics statements="13" coveredstatements="13" conditionals="0" coveredconditionals="0" methods="6" coveredmethods="6"/>
        <line num="16" count="3" type="stmt"/>
        <line num="20" count="2" type="stmt"/>
        <line num="24" count="2" type="stmt"/>
        <line num="34" count="3" type="stmt"/>
        <line num="38" count="2" type="stmt"/>
        <line num="42" count="2" type="stmt"/>
        <line num="47" count="1" type="stmt"/>
        <line num="48" count="1" type="stmt"/>
        <line num="50" count="1" type="stmt"/>
        <line num="51" count="1" type="stmt"/>
        <line num="53" count="1" type="stmt"/>
        <line num="54" count="1" type="stmt"/>
        <line num="56" count="1" type="stmt"/>
      </file>
    </package>
    <package name="exercicio5">
      <metrics statements="13" coveredstatements="13" conditionals="0" coveredconditionals="0" methods="6" coveredmethods="6"/>
      <file name="exercicio5.ts" path="C:\Users\edjal\OneDrive\Desktop\Projects\ada\orientacao-objeto\typescript\src\exercicios\exercicio5\exercicio5.ts">
        <metrics statements="13" coveredstatements="13" conditionals="0" coveredconditionals="0" methods="6" coveredmethods="6"/>
        <line num="10" count="3" type="stmt"/>
        <line num="13" count="3" type="stmt"/>
        <line num="14" count="3" type="stmt"/>
        <line num="18" count="2" type="stmt"/>
        <line num="19" count="2" type="stmt"/>
        <line num="27" count="3" type="stmt"/>
        <line num="31" count="3" type="stmt"/>
        <line num="35" count="2" type="stmt"/>
        <line num="39" count="1" type="stmt"/>
        <line num="40" count="1" type="stmt"/>
        <line num="42" count="1" type="stmt"/>
        <line num="43" count="1" type="stmt"/>
        <line num="45" count="1" type="stmt"/>
      </file>
    </package>
    <package name="exercicio6">
      <metrics statements="7" coveredstatements="7" conditionals="1" coveredconditionals="1" methods="4" coveredmethods="4"/>
      <file name="exercicio6.ts" path="C:\Users\edjal\OneDrive\Desktop\Projects\ada\orientacao-objeto\typescript\src\exercicios\exercicio6\exercicio6.ts">
        <metrics statements="7" coveredstatements="7" conditionals="1" coveredconditionals="1" methods="4" coveredmethods="4"/>
        <line num="15" count="3" type="stmt"/>
        <line num="19" count="2" type="stmt"/>
        <line num="23" count="2" type="cond" truecount="1" falsecount="0"/>
        <line num="24" count="1" type="stmt"/>
        <line num="27" count="1" type="stmt"/>
        <line num="31" count="1" type="stmt"/>
        <line num="36" count="1" type="stmt"/>
      </file>
    </package>
    <package name="exercicio7">
      <metrics statements="14" coveredstatements="14" conditionals="1" coveredconditionals="1" methods="6" coveredmethods="6"/>
      <file name="exercicio7.ts" path="C:\Users\edjal\OneDrive\Desktop\Projects\ada\orientacao-objeto\typescript\src\exercicios\exercicio7\exercicio7.ts">
        <metrics statements="14" coveredstatements="14" conditionals="1" coveredconditionals="1" methods="6" coveredmethods="6"/>
        <line num="9" count="1" type="stmt"/>
        <line num="15" count="1" type="stmt"/>
        <line num="16" count="1" type="stmt"/>
        <line num="20" count="6" type="cond" truecount="1" falsecount="0"/>
        <line num="21" count="1" type="stmt"/>
        <line num="24" count="6" type="stmt"/>
        <line num="28" count="1" type="stmt"/>
        <line num="32" count="1" type="stmt"/>
        <line num="36" count="1" type="stmt"/>
        <line num="40" count="1" type="stmt"/>
        <line num="44" count="1" type="stmt"/>
        <line num="45" count="1" type="stmt"/>
        <line num="47" count="1" type="stmt"/>
        <line num="49" count="1" type="stmt"/>
      </file>
    </package>
  </project>
</coverage>
