{"C:\\Users\\edjal\\OneDrive\\Desktop\\Projects\\ada\\orientacao-objeto\\typescript\\src\\exercicios\\exercicio1\\exercicio1.ts": {"path":"C:\\Users\\edjal\\OneDrive\\Desktop\\Projects\\ada\\orientacao-objeto\\typescript\\src\\exercicios\\exercicio1\\exercicio1.ts","statementMap":{"0":{"start":{"line":13,"column":6},"end":{"line":13,"column":27}},"1":{"start":{"line":14,"column":6},"end":{"line":14,"column":21}},"2":{"start":{"line":15,"column":6},"end":{"line":15,"column":21}},"3":{"start":{"line":36,"column":9},"end":{"line":36,"column":14}},"4":{"start":{"line":19,"column":20},"end":{"line":19,"column":54}},"5":{"start":{"line":20,"column":20},"end":{"line":20,"column":51}},"6":{"start":{"line":24,"column":4},"end":{"line":24,"column":43}},"7":{"start":{"line":25,"column":4},"end":{"line":25,"column":37}},"8":{"start":{"line":26,"column":4},"end":{"line":26,"column":37}},"9":{"start":{"line":27,"column":4},"end":{"line":27,"column":22}},"10":{"start":{"line":30,"column":0},"end":{"line":30,"column":36}},"11":{"start":{"line":31,"column":0},"end":{"line":31,"column":30}},"12":{"start":{"line":33,"column":0},"end":{"line":33,"column":36}},"13":{"start":{"line":34,"column":0},"end":{"line":34,"column":30}}},"fnMap":{"0":{"name":"(anonymous_0)","decl":{"start":{"line":12,"column":4},"end":{"line":12,"column":16}},"loc":{"start":{"line":12,"column":56},"end":{"line":16,"column":5}}},"1":{"name":"imprimirDetalhesCarro","decl":{"start":{"line":23,"column":9},"end":{"line":23,"column":30}},"loc":{"start":{"line":23,"column":43},"end":{"line":28,"column":1}}}},"branchMap":{},"s":{"0":5,"1":5,"2":5,"3":1,"4":1,"5":1,"6":2,"7":2,"8":2,"9":2,"10":1,"11":1,"12":1,"13":1},"f":{"0":5,"1":2},"b":{}}
,"C:\\Users\\edjal\\OneDrive\\Desktop\\Projects\\ada\\orientacao-objeto\\typescript\\src\\exercicios\\exercicio2\\exercicio2.ts": {"path":"C:\\Users\\edjal\\OneDrive\\Desktop\\Projects\\ada\\orientacao-objeto\\typescript\\src\\exercicios\\exercicio2\\exercicio2.ts","statementMap":{"0":{"start":{"line":8,"column":23},"end":{"line":8,"column":35}},"1":{"start":{"line":11,"column":6},"end":{"line":11,"column":34}},"2":{"start":{"line":15,"column":6},"end":{"line":15,"column":32}},"3":{"start":{"line":46,"column":11},"end":{"line":46,"column":17}},"4":{"start":{"line":22,"column":6},"end":{"line":22,"column":18}},"5":{"start":{"line":21,"column":23},"end":{"line":21,"column":35}},"6":{"start":{"line":26,"column":6},"end":{"line":26,"column":29}},"7":{"start":{"line":46,"column":19},"end":{"line":46,"column":27}},"8":{"start":{"line":32,"column":6},"end":{"line":32,"column":18}},"9":{"start":{"line":31,"column":23},"end":{"line":31,"column":35}},"10":{"start":{"line":36,"column":6},"end":{"line":36,"column":28}},"11":{"start":{"line":46,"column":29},"end":{"line":46,"column":36}},"12":{"start":{"line":40,"column":19},"end":{"line":40,"column":41}},"13":{"start":{"line":41,"column":18},"end":{"line":41,"column":39}},"14":{"start":{"line":43,"column":2},"end":{"line":43,"column":23}},"15":{"start":{"line":44,"column":2},"end":{"line":44,"column":22}}},"fnMap":{"0":{"name":"(anonymous_0)","decl":{"start":{"line":8,"column":4},"end":{"line":8,"column":23}},"loc":{"start":{"line":8,"column":35},"end":{"line":8,"column":39}}},"1":{"name":"(anonymous_1)","decl":{"start":{"line":10,"column":4},"end":{"line":10,"column":13}},"loc":{"start":{"line":10,"column":13},"end":{"line":12,"column":5}}},"2":{"name":"(anonymous_2)","decl":{"start":{"line":14,"column":4},"end":{"line":14,"column":9}},"loc":{"start":{"line":14,"column":9},"end":{"line":16,"column":5}}},"3":{"name":"(anonymous_3)","decl":{"start":{"line":21,"column":4},"end":{"line":21,"column":23}},"loc":{"start":{"line":21,"column":35},"end":{"line":23,"column":5}}},"4":{"name":"(anonymous_4)","decl":{"start":{"line":25,"column":13},"end":{"line":25,"column":22}},"loc":{"start":{"line":25,"column":22},"end":{"line":27,"column":5}}},"5":{"name":"(anonymous_5)","decl":{"start":{"line":31,"column":4},"end":{"line":31,"column":23}},"loc":{"start":{"line":31,"column":35},"end":{"line":33,"column":5}}},"6":{"name":"(anonymous_6)","decl":{"start":{"line":35,"column":13},"end":{"line":35,"column":22}},"loc":{"start":{"line":35,"column":22},"end":{"line":37,"column":5}}}},"branchMap":{},"s":{"0":7,"1":0,"2":3,"3":1,"4":3,"5":3,"6":2,"7":1,"8":3,"9":3,"10":2,"11":1,"12":1,"13":1,"14":1,"15":1},"f":{"0":7,"1":0,"2":3,"3":3,"4":2,"5":3,"6":2},"b":{}}
,"C:\\Users\\edjal\\OneDrive\\Desktop\\Projects\\ada\\orientacao-objeto\\typescript\\src\\exercicios\\exercicio3\\exercicio3.ts": {"path":"C:\\Users\\edjal\\OneDrive\\Desktop\\Projects\\ada\\orientacao-objeto\\typescript\\src\\exercicios\\exercicio3\\exercicio3.ts","statementMap":{"0":{"start":{"line":16,"column":6},"end":{"line":16,"column":35}},"1":{"start":{"line":16,"column":29},"end":{"line":16,"column":34}},"2":{"start":{"line":17,"column":6},"end":{"line":17,"column":40}},"3":{"start":{"line":17,"column":34},"end":{"line":17,"column":39}},"4":{"start":{"line":18,"column":6},"end":{"line":18,"column":44}},"5":{"start":{"line":18,"column":38},"end":{"line":18,"column":43}},"6":{"start":{"line":19,"column":6},"end":{"line":19,"column":38}},"7":{"start":{"line":19,"column":32},"end":{"line":19,"column":37}},"8":{"start":{"line":23,"column":6},"end":{"line":23,"column":30}},"9":{"start":{"line":27,"column":6},"end":{"line":27,"column":35}},"10":{"start":{"line":31,"column":6},"end":{"line":31,"column":39}},"11":{"start":{"line":35,"column":6},"end":{"line":37,"column":null}},"12":{"start":{"line":36,"column":8},"end":{"line":36,"column":44}},"13":{"start":{"line":38,"column":6},"end":{"line":38,"column":33}},"14":{"start":{"line":43,"column":6},"end":{"line":43,"column":28}},"15":{"start":{"line":62,"column":9},"end":{"line":62,"column":20}},"16":{"start":{"line":47,"column":20},"end":{"line":47,"column":37}},"17":{"start":{"line":49,"column":13},"end":{"line":49,"column":37}},"18":{"start":{"line":50,"column":18},"end":{"line":50,"column":47}},"19":{"start":{"line":51,"column":22},"end":{"line":51,"column":55}},"20":{"start":{"line":52,"column":16},"end":{"line":52,"column":43}},"21":{"start":{"line":54,"column":0},"end":{"line":54,"column":18}},"22":{"start":{"line":55,"column":0},"end":{"line":55,"column":23}},"23":{"start":{"line":56,"column":0},"end":{"line":56,"column":27}},"24":{"start":{"line":57,"column":0},"end":{"line":57,"column":21}},"25":{"start":{"line":59,"column":22},"end":{"line":59,"column":52}},"26":{"start":{"line":60,"column":0},"end":{"line":60,"column":27}}},"fnMap":{"0":{"name":"(anonymous_0)","decl":{"start":{"line":15,"column":4},"end":{"line":15,"column":null}},"loc":{"start":{"line":15,"column":4},"end":{"line":20,"column":5}}},"1":{"name":"(anonymous_1)","decl":{"start":{"line":16,"column":19},"end":{"line":16,"column":20}},"loc":{"start":{"line":16,"column":29},"end":{"line":16,"column":34}}},"2":{"name":"(anonymous_2)","decl":{"start":{"line":17,"column":24},"end":{"line":17,"column":25}},"loc":{"start":{"line":17,"column":34},"end":{"line":17,"column":39}}},"3":{"name":"(anonymous_3)","decl":{"start":{"line":18,"column":28},"end":{"line":18,"column":29}},"loc":{"start":{"line":18,"column":38},"end":{"line":18,"column":43}}},"4":{"name":"(anonymous_4)","decl":{"start":{"line":19,"column":22},"end":{"line":19,"column":23}},"loc":{"start":{"line":19,"column":32},"end":{"line":19,"column":37}}},"5":{"name":"(anonymous_5)","decl":{"start":{"line":22,"column":4},"end":{"line":22,"column":8}},"loc":{"start":{"line":22,"column":29},"end":{"line":24,"column":5}}},"6":{"name":"(anonymous_6)","decl":{"start":{"line":26,"column":4},"end":{"line":26,"column":13}},"loc":{"start":{"line":26,"column":34},"end":{"line":28,"column":5}}},"7":{"name":"(anonymous_7)","decl":{"start":{"line":30,"column":4},"end":{"line":30,"column":17}},"loc":{"start":{"line":30,"column":38},"end":{"line":32,"column":5}}},"8":{"name":"(anonymous_8)","decl":{"start":{"line":34,"column":4},"end":{"line":34,"column":11}},"loc":{"start":{"line":34,"column":32},"end":{"line":39,"column":5}}},"9":{"name":"(anonymous_9)","decl":{"start":{"line":42,"column":4},"end":{"line":42,"column":10}},"loc":{"start":{"line":42,"column":34},"end":{"line":44,"column":5}}}},"branchMap":{"0":{"loc":{"start":{"line":35,"column":6},"end":{"line":37,"column":null}},"type":"if","locations":[{"start":{"line":35,"column":6},"end":{"line":37,"column":null}}]},"1":{"loc":{"start":{"line":43,"column":13},"end":{"line":43,"column":27}},"type":"cond-expr","locations":[{"start":{"line":43,"column":21},"end":{"line":43,"column":23}},{"start":{"line":43,"column":26},"end":{"line":43,"column":27}}]}},"s":{"0":7,"1":2,"2":7,"3":2,"4":7,"5":2,"6":7,"7":2,"8":2,"9":2,"10":2,"11":3,"12":1,"13":2,"14":4,"15":1,"16":1,"17":1,"18":1,"19":1,"20":1,"21":1,"22":1,"23":1,"24":1,"25":1,"26":1},"f":{"0":7,"1":2,"2":2,"3":2,"4":2,"5":2,"6":2,"7":2,"8":3,"9":4},"b":{"0":[1],"1":[2,2]}}
,"C:\\Users\\edjal\\OneDrive\\Desktop\\Projects\\ada\\orientacao-objeto\\typescript\\src\\exercicios\\exercicio4\\exercicio4.ts": {"path":"C:\\Users\\edjal\\OneDrive\\Desktop\\Projects\\ada\\orientacao-objeto\\typescript\\src\\exercicios\\exercicio4\\exercicio4.ts","statementMap":{"0":{"start":{"line":16,"column":4},"end":{"line":16,"column":21}},"1":{"start":{"line":20,"column":4},"end":{"line":20,"column":33}},"2":{"start":{"line":24,"column":4},"end":{"line":24,"column":25}},"3":{"start":{"line":56,"column":11},"end":{"line":56,"column":19}},"4":{"start":{"line":34,"column":6},"end":{"line":34,"column":23}},"5":{"start":{"line":38,"column":6},"end":{"line":38,"column":45}},"6":{"start":{"line":42,"column":6},"end":{"line":42,"column":37}},"7":{"start":{"line":56,"column":21},"end":{"line":56,"column":28}},"8":{"start":{"line":47,"column":19},"end":{"line":47,"column":35}},"9":{"start":{"line":48,"column":18},"end":{"line":48,"column":32}},"10":{"start":{"line":50,"column":2},"end":{"line":50,"column":39}},"11":{"start":{"line":51,"column":2},"end":{"line":51,"column":44}},"12":{"start":{"line":53,"column":2},"end":{"line":53,"column":38}},"13":{"start":{"line":54,"column":2},"end":{"line":54,"column":43}}},"fnMap":{"0":{"name":"(anonymous_0)","decl":{"start":{"line":15,"column":0},"end":{"line":15,"column":12}},"loc":{"start":{"line":15,"column":24},"end":{"line":17,"column":1}}},"1":{"name":"(anonymous_1)","decl":{"start":{"line":19,"column":0},"end":{"line":19,"column":12}},"loc":{"start":{"line":19,"column":12},"end":{"line":21,"column":1}}},"2":{"name":"(anonymous_2)","decl":{"start":{"line":23,"column":0},"end":{"line":23,"column":17}},"loc":{"start":{"line":23,"column":17},"end":{"line":25,"column":1}}},"3":{"name":"(anonymous_3)","decl":{"start":{"line":33,"column":4},"end":{"line":33,"column":16}},"loc":{"start":{"line":33,"column":28},"end":{"line":35,"column":5}}},"4":{"name":"(anonymous_4)","decl":{"start":{"line":37,"column":4},"end":{"line":37,"column":16}},"loc":{"start":{"line":37,"column":16},"end":{"line":39,"column":5}}},"5":{"name":"(anonymous_5)","decl":{"start":{"line":41,"column":4},"end":{"line":41,"column":21}},"loc":{"start":{"line":41,"column":21},"end":{"line":43,"column":5}}}},"branchMap":{},"s":{"0":3,"1":2,"2":2,"3":1,"4":3,"5":2,"6":2,"7":1,"8":1,"9":1,"10":1,"11":1,"12":1,"13":1},"f":{"0":3,"1":2,"2":2,"3":3,"4":2,"5":2},"b":{}}
,"C:\\Users\\edjal\\OneDrive\\Desktop\\Projects\\ada\\orientacao-objeto\\typescript\\src\\exercicios\\exercicio5\\exercicio5.ts": {"path":"C:\\Users\\edjal\\OneDrive\\Desktop\\Projects\\ada\\orientacao-objeto\\typescript\\src\\exercicios\\exercicio5\\exercicio5.ts","statementMap":{"0":{"start":{"line":10,"column":9},"end":{"line":10,"column":33}},"1":{"start":{"line":13,"column":4},"end":{"line":13,"column":23}},"2":{"start":{"line":14,"column":4},"end":{"line":14,"column":32}},"3":{"start":{"line":18,"column":4},"end":{"line":18,"column":24}},"4":{"start":{"line":19,"column":4},"end":{"line":19,"column":35}},"5":{"start":{"line":45,"column":17},"end":{"line":45,"column":22}},"6":{"start":{"line":27,"column":8},"end":{"line":27,"column":27}},"7":{"start":{"line":31,"column":8},"end":{"line":31,"column":27}},"8":{"start":{"line":35,"column":8},"end":{"line":35,"column":30}},"9":{"start":{"line":45,"column":9},"end":{"line":45,"column":15}},"10":{"start":{"line":39,"column":14},"end":{"line":39,"column":25}},"11":{"start":{"line":40,"column":14},"end":{"line":40,"column":31}},"12":{"start":{"line":42,"column":0},"end":{"line":42,"column":14}},"13":{"start":{"line":43,"column":0},"end":{"line":43,"column":17}}},"fnMap":{"0":{"name":"(anonymous_0)","decl":{"start":{"line":9,"column":0},"end":{"line":9,"column":6}},"loc":{"start":{"line":9,"column":0},"end":{"line":21,"column":1}}},"1":{"name":"(anonymous_1)","decl":{"start":{"line":12,"column":2},"end":{"line":12,"column":7}},"loc":{"start":{"line":12,"column":7},"end":{"line":15,"column":3}}},"2":{"name":"(anonymous_2)","decl":{"start":{"line":17,"column":2},"end":{"line":17,"column":10}},"loc":{"start":{"line":17,"column":10},"end":{"line":20,"column":3}}},"3":{"name":"(anonymous_3)","decl":{"start":{"line":26,"column":4},"end":{"line":26,"column":16}},"loc":{"start":{"line":26,"column":28},"end":{"line":28,"column":5}}},"4":{"name":"(anonymous_4)","decl":{"start":{"line":30,"column":4},"end":{"line":30,"column":9}},"loc":{"start":{"line":30,"column":9},"end":{"line":32,"column":5}}},"5":{"name":"(anonymous_5)","decl":{"start":{"line":34,"column":4},"end":{"line":34,"column":12}},"loc":{"start":{"line":34,"column":12},"end":{"line":36,"column":5}}}},"branchMap":{},"s":{"0":3,"1":3,"2":3,"3":2,"4":2,"5":1,"6":3,"7":3,"8":2,"9":1,"10":1,"11":1,"12":1,"13":1},"f":{"0":3,"1":3,"2":2,"3":3,"4":3,"5":2},"b":{}}
,"C:\\Users\\edjal\\OneDrive\\Desktop\\Projects\\ada\\orientacao-objeto\\typescript\\src\\exercicios\\exercicio6\\exercicio6.ts": {"path":"C:\\Users\\edjal\\OneDrive\\Desktop\\Projects\\ada\\orientacao-objeto\\typescript\\src\\exercicios\\exercicio6\\exercicio6.ts","statementMap":{"0":{"start":{"line":15,"column":6},"end":{"line":15,"column":25}},"1":{"start":{"line":19,"column":6},"end":{"line":19,"column":24}},"2":{"start":{"line":23,"column":6},"end":{"line":25,"column":null}},"3":{"start":{"line":24,"column":8},"end":{"line":24,"column":46}},"4":{"start":{"line":27,"column":6},"end":{"line":27,"column":26}},"5":{"start":{"line":31,"column":6},"end":{"line":31,"column":26}},"6":{"start":{"line":36,"column":9},"end":{"line":36,"column":22}}},"fnMap":{"0":{"name":"(anonymous_0)","decl":{"start":{"line":14,"column":4},"end":{"line":14,"column":16}},"loc":{"start":{"line":14,"column":29},"end":{"line":16,"column":5}}},"1":{"name":"(anonymous_1)","decl":{"start":{"line":18,"column":4},"end":{"line":18,"column":12}},"loc":{"start":{"line":18,"column":12},"end":{"line":20,"column":5}}},"2":{"name":"(anonymous_2)","decl":{"start":{"line":22,"column":4},"end":{"line":22,"column":9}},"loc":{"start":{"line":22,"column":23},"end":{"line":28,"column":5}}},"3":{"name":"(anonymous_3)","decl":{"start":{"line":30,"column":4},"end":{"line":30,"column":13}},"loc":{"start":{"line":30,"column":27},"end":{"line":32,"column":5}}}},"branchMap":{"0":{"loc":{"start":{"line":23,"column":6},"end":{"line":25,"column":null}},"type":"if","locations":[{"start":{"line":23,"column":6},"end":{"line":25,"column":null}}]}},"s":{"0":3,"1":2,"2":2,"3":1,"4":1,"5":1,"6":1},"f":{"0":3,"1":2,"2":2,"3":1},"b":{"0":[1]}}
,"C:\\Users\\edjal\\OneDrive\\Desktop\\Projects\\ada\\orientacao-objeto\\typescript\\src\\exercicios\\exercicio7\\exercicio7.ts": {"path":"C:\\Users\\edjal\\OneDrive\\Desktop\\Projects\\ada\\orientacao-objeto\\typescript\\src\\exercicios\\exercicio7\\exercicio7.ts","statementMap":{"0":{"start":{"line":15,"column":6},"end":{"line":15,"column":24}},"1":{"start":{"line":16,"column":6},"end":{"line":16,"column":28}},"2":{"start":{"line":20,"column":6},"end":{"line":22,"column":null}},"3":{"start":{"line":21,"column":8},"end":{"line":21,"column":89}},"4":{"start":{"line":24,"column":6},"end":{"line":24,"column":40}},"5":{"start":{"line":28,"column":6},"end":{"line":28,"column":24}},"6":{"start":{"line":32,"column":6},"end":{"line":32,"column":24}},"7":{"start":{"line":36,"column":6},"end":{"line":36,"column":26}},"8":{"start":{"line":40,"column":6},"end":{"line":40,"column":28}},"9":{"start":{"line":49,"column":9},"end":{"line":49,"column":24}},"10":{"start":{"line":9,"column":19},"end":{"line":9,"column":61}},"11":{"start":{"line":44,"column":22},"end":{"line":44,"column":47}},"12":{"start":{"line":45,"column":22},"end":{"line":45,"column":47}},"13":{"start":{"line":47,"column":0},"end":{"line":47,"column":45}}},"fnMap":{"0":{"name":"(anonymous_0)","decl":{"start":{"line":14,"column":4},"end":{"line":14,"column":16}},"loc":{"start":{"line":14,"column":44},"end":{"line":17,"column":5}}},"1":{"name":"(anonymous_1)","decl":{"start":{"line":19,"column":4},"end":{"line":19,"column":10}},"loc":{"start":{"line":19,"column":24},"end":{"line":25,"column":5}}},"2":{"name":"(anonymous_2)","decl":{"start":{"line":27,"column":4},"end":{"line":27,"column":8}},"loc":{"start":{"line":27,"column":12},"end":{"line":29,"column":5}}},"3":{"name":"(anonymous_3)","decl":{"start":{"line":31,"column":4},"end":{"line":31,"column":8}},"loc":{"start":{"line":31,"column":25},"end":{"line":33,"column":5}}},"4":{"name":"(anonymous_4)","decl":{"start":{"line":35,"column":4},"end":{"line":35,"column":8}},"loc":{"start":{"line":35,"column":14},"end":{"line":37,"column":5}}},"5":{"name":"(anonymous_5)","decl":{"start":{"line":39,"column":4},"end":{"line":39,"column":8}},"loc":{"start":{"line":39,"column":29},"end":{"line":41,"column":5}}}},"branchMap":{"0":{"loc":{"start":{"line":20,"column":6},"end":{"line":22,"column":null}},"type":"if","locations":[{"start":{"line":20,"column":6},"end":{"line":22,"column":null}}]}},"s":{"0":1,"1":1,"2":6,"3":1,"4":6,"5":1,"6":1,"7":1,"8":1,"9":1,"10":1,"11":1,"12":1,"13":1},"f":{"0":1,"1":6,"2":1,"3":1,"4":1,"5":1},"b":{"0":[1]}}
}
