TN:
SF:src\exercicios\exercicio1\exercicio1.ts
FN:12,(anonymous_0)
FN:23,imprimirDetalhesCarro
FNF:2
FNH:2
FNDA:5,(anonymous_0)
FNDA:2,imprimirDetalhesCarro
DA:13,5
DA:14,5
DA:15,5
DA:19,1
DA:20,1
DA:24,2
DA:25,2
DA:26,2
DA:27,2
DA:30,1
DA:31,1
DA:33,1
DA:34,1
DA:36,1
LF:14
LH:14
BRF:0
BRH:0
end_of_record
TN:
SF:src\exercicios\exercicio2\exercicio2.ts
FN:8,(anonymous_0)
FN:10,(anonymous_1)
FN:14,(anonymous_2)
FN:21,(anonymous_3)
FN:25,(anonymous_4)
FN:31,(anonymous_5)
FN:35,(anonymous_6)
FNF:7
FNH:6
FNDA:7,(anonymous_0)
FNDA:0,(anonymous_1)
FNDA:3,(anonymous_2)
FNDA:3,(anonymous_3)
FNDA:2,(anonymous_4)
FNDA:3,(anonymous_5)
FNDA:2,(anonymous_6)
DA:8,7
DA:11,0
DA:15,3
DA:21,3
DA:22,3
DA:26,2
DA:31,3
DA:32,3
DA:36,2
DA:40,1
DA:41,1
DA:43,1
DA:44,1
DA:46,1
LF:14
LH:13
BRF:0
BRH:0
end_of_record
TN:
SF:src\exercicios\exercicio3\exercicio3.ts
FN:15,(anonymous_0)
FN:16,(anonymous_1)
FN:17,(anonymous_2)
FN:18,(anonymous_3)
FN:19,(anonymous_4)
FN:22,(anonymous_5)
FN:26,(anonymous_6)
FN:30,(anonymous_7)
FN:34,(anonymous_8)
FN:42,(anonymous_9)
FNF:10
FNH:10
FNDA:7,(anonymous_0)
FNDA:2,(anonymous_1)
FNDA:2,(anonymous_2)
FNDA:2,(anonymous_3)
FNDA:2,(anonymous_4)
FNDA:2,(anonymous_5)
FNDA:2,(anonymous_6)
FNDA:2,(anonymous_7)
FNDA:3,(anonymous_8)
FNDA:4,(anonymous_9)
DA:16,7
DA:17,7
DA:18,7
DA:19,7
DA:23,2
DA:27,2
DA:31,2
DA:35,3
DA:36,1
DA:38,2
DA:43,4
DA:47,1
DA:49,1
DA:50,1
DA:51,1
DA:52,1
DA:54,1
DA:55,1
DA:56,1
DA:57,1
DA:59,1
DA:60,1
DA:62,1
LF:23
LH:23
BRDA:35,0,0,1
BRDA:43,1,0,2
BRDA:43,1,1,2
BRF:3
BRH:3
end_of_record
TN:
SF:src\exercicios\exercicio4\exercicio4.ts
FN:15,(anonymous_0)
FN:19,(anonymous_1)
FN:23,(anonymous_2)
FN:33,(anonymous_3)
FN:37,(anonymous_4)
FN:41,(anonymous_5)
FNF:6
FNH:6
FNDA:3,(anonymous_0)
FNDA:2,(anonymous_1)
FNDA:2,(anonymous_2)
FNDA:3,(anonymous_3)
FNDA:2,(anonymous_4)
FNDA:2,(anonymous_5)
DA:16,3
DA:20,2
DA:24,2
DA:34,3
DA:38,2
DA:42,2
DA:47,1
DA:48,1
DA:50,1
DA:51,1
DA:53,1
DA:54,1
DA:56,1
LF:13
LH:13
BRF:0
BRH:0
end_of_record
TN:
SF:src\exercicios\exercicio5\exercicio5.ts
FN:9,(anonymous_0)
FN:12,(anonymous_1)
FN:17,(anonymous_2)
FN:26,(anonymous_3)
FN:30,(anonymous_4)
FN:34,(anonymous_5)
FNF:6
FNH:6
FNDA:3,(anonymous_0)
FNDA:3,(anonymous_1)
FNDA:2,(anonymous_2)
FNDA:3,(anonymous_3)
FNDA:3,(anonymous_4)
FNDA:2,(anonymous_5)
DA:10,3
DA:13,3
DA:14,3
DA:18,2
DA:19,2
DA:27,3
DA:31,3
DA:35,2
DA:39,1
DA:40,1
DA:42,1
DA:43,1
DA:45,1
LF:13
LH:13
BRF:0
BRH:0
end_of_record
TN:
SF:src\exercicios\exercicio6\exercicio6.ts
FN:14,(anonymous_0)
FN:18,(anonymous_1)
FN:22,(anonymous_2)
FN:30,(anonymous_3)
FNF:4
FNH:4
FNDA:3,(anonymous_0)
FNDA:2,(anonymous_1)
FNDA:2,(anonymous_2)
FNDA:1,(anonymous_3)
DA:15,3
DA:19,2
DA:23,2
DA:24,1
DA:27,1
DA:31,1
DA:36,1
LF:7
LH:7
BRDA:23,0,0,1
BRF:1
BRH:1
end_of_record
TN:
SF:src\exercicios\exercicio7\exercicio7.ts
FN:14,(anonymous_0)
FN:19,(anonymous_1)
FN:27,(anonymous_2)
FN:31,(anonymous_3)
FN:35,(anonymous_4)
FN:39,(anonymous_5)
FNF:6
FNH:6
FNDA:1,(anonymous_0)
FNDA:6,(anonymous_1)
FNDA:1,(anonymous_2)
FNDA:1,(anonymous_3)
FNDA:1,(anonymous_4)
FNDA:1,(anonymous_5)
DA:9,1
DA:15,1
DA:16,1
DA:20,6
DA:21,1
DA:24,6
DA:28,1
DA:32,1
DA:36,1
DA:40,1
DA:44,1
DA:45,1
DA:47,1
DA:49,1
LF:14
LH:14
BRDA:20,0,0,1
BRF:1
BRH:1
end_of_record
